==============================================================
Vitis HLS - High-Level Synthesis from C, C++ and OpenCL v2022.1 (64-bit)
Tool Version Limit: 2022.04
Copyright 1986-2022 Xilinx, Inc. All Rights Reserved.
==============================================================
INFO: [HLS 200-1505] Using flow_target 'vivado'
INFO: [HLS 200-435] Setting 'open_solution -flow_target vivado' configuration: config_interface -m_axi_latency=0
INFO: [HLS 200-1510] Running: set_part xczu27dr-ffve1156-2-i 
INFO: [HLS 200-1611] Setting target device to 'xczu27dr-ffve1156-2-i'
INFO: [HLS 200-1510] Running: create_clock -period 5 -name default 
INFO: [SYN 201-201] Setting up clock 'default' with a period of 5ns.
INFO: [HLS 200-1510] Running: csim_design 
INFO: [SIM 211-2] *************** CSIM start ***************
INFO: [SIM 211-4] CSIM will launch GCC as the compiler.
INFO: [SIM 211-1] CSim done with 0 errors.
INFO: [SIM 211-3] *************** CSIM finish ***************
INFO: [HLS 200-111] Finished Command csim_design CPU user time: 11.86 seconds. CPU system time: 0.94 seconds. Elapsed time: 13.04 seconds; current allocated memory: 0.000 MB.
INFO: [HLS 200-1510] Running: csynth_design 
INFO: [HLS 200-111] Finished File checks and directory preparation: CPU user time: 0.01 seconds. CPU system time: 0 seconds. Elapsed time: 0.01 seconds; current allocated memory: 465.625 MB.
INFO: [HLS 200-10] Analyzing design file '/home/josnu02/projects/workspace/gnn-rfsoc-mt-all-2022/src/kernelMatrixmult_all.cpp' ... 
WARNING: [HLS 207-5553] unexpected pragma argument '=', expects identifier (/home/josnu02/projects/workspace/gnn-rfsoc-mt-all-2022/src/kernelMatrixmult_all.cpp:1837:21)
WARNING: [HLS 207-5507] the 'dim' option to 'Stream' pragma is not supported and will be ignored (/home/josnu02/projects/workspace/gnn-rfsoc-mt-all-2022/src/kernelMatrixmult_all.cpp:2877:66)
WARNING: [HLS 207-5507] the 'dim' option to 'Stream' pragma is not supported and will be ignored (/home/josnu02/projects/workspace/gnn-rfsoc-mt-all-2022/src/kernelMatrixmult_all.cpp:2879:66)
WARNING: [HLS 207-5507] the 'dim' option to 'Stream' pragma is not supported and will be ignored (/home/josnu02/projects/workspace/gnn-rfsoc-mt-all-2022/src/kernelMatrixmult_all.cpp:2881:66)
WARNING: [HLS 207-5507] the 'dim' option to 'Stream' pragma is not supported and will be ignored (/home/josnu02/projects/workspace/gnn-rfsoc-mt-all-2022/src/kernelMatrixmult_all.cpp:2883:66)
WARNING: [HLS 207-5507] the 'dim' option to 'Stream' pragma is not supported and will be ignored (/home/josnu02/projects/workspace/gnn-rfsoc-mt-all-2022/src/kernelMatrixmult_all.cpp:2887:63)
WARNING: [HLS 207-5507] the 'dim' option to 'Stream' pragma is not supported and will be ignored (/home/josnu02/projects/workspace/gnn-rfsoc-mt-all-2022/src/kernelMatrixmult_all.cpp:2889:63)
WARNING: [HLS 207-5507] the 'dim' option to 'Stream' pragma is not supported and will be ignored (/home/josnu02/projects/workspace/gnn-rfsoc-mt-all-2022/src/kernelMatrixmult_all.cpp:2891:63)
WARNING: [HLS 207-5507] the 'dim' option to 'Stream' pragma is not supported and will be ignored (/home/josnu02/projects/workspace/gnn-rfsoc-mt-all-2022/src/kernelMatrixmult_all.cpp:2893:63)
WARNING: [HLS 207-5507] the 'dim' option to 'Stream' pragma is not supported and will be ignored (/home/josnu02/projects/workspace/gnn-rfsoc-mt-all-2022/src/kernelMatrixmult_all.cpp:2896:63)
WARNING: [HLS 207-5507] the 'dim' option to 'Stream' pragma is not supported and will be ignored (/home/josnu02/projects/workspace/gnn-rfsoc-mt-all-2022/src/kernelMatrixmult_all.cpp:2899:61)
WARNING: [HLS 207-5507] the 'dim' option to 'Stream' pragma is not supported and will be ignored (/home/josnu02/projects/workspace/gnn-rfsoc-mt-all-2022/src/kernelMatrixmult_all.cpp:2902:73)
WARNING: [HLS 207-5507] the 'dim' option to 'Stream' pragma is not supported and will be ignored (/home/josnu02/projects/workspace/gnn-rfsoc-mt-all-2022/src/kernelMatrixmult_all.cpp:2904:73)
WARNING: [HLS 207-5507] the 'dim' option to 'Stream' pragma is not supported and will be ignored (/home/josnu02/projects/workspace/gnn-rfsoc-mt-all-2022/src/kernelMatrixmult_all.cpp:2906:73)
WARNING: [HLS 207-5507] the 'dim' option to 'Stream' pragma is not supported and will be ignored (/home/josnu02/projects/workspace/gnn-rfsoc-mt-all-2022/src/kernelMatrixmult_all.cpp:2908:73)
WARNING: [HLS 207-5507] the 'dim' option to 'Stream' pragma is not supported and will be ignored (/home/josnu02/projects/workspace/gnn-rfsoc-mt-all-2022/src/kernelMatrixmult_all.cpp:3268:66)
WARNING: [HLS 207-5507] the 'dim' option to 'Stream' pragma is not supported and will be ignored (/home/josnu02/projects/workspace/gnn-rfsoc-mt-all-2022/src/kernelMatrixmult_all.cpp:3270:66)
WARNING: [HLS 207-5507] the 'dim' option to 'Stream' pragma is not supported and will be ignored (/home/josnu02/projects/workspace/gnn-rfsoc-mt-all-2022/src/kernelMatrixmult_all.cpp:3272:66)
WARNING: [HLS 207-5507] the 'dim' option to 'Stream' pragma is not supported and will be ignored (/home/josnu02/projects/workspace/gnn-rfsoc-mt-all-2022/src/kernelMatrixmult_all.cpp:3274:66)
WARNING: [HLS 207-5507] the 'dim' option to 'Stream' pragma is not supported and will be ignored (/home/josnu02/projects/workspace/gnn-rfsoc-mt-all-2022/src/kernelMatrixmult_all.cpp:3278:63)
WARNING: [HLS 207-5507] the 'dim' option to 'Stream' pragma is not supported and will be ignored (/home/josnu02/projects/workspace/gnn-rfsoc-mt-all-2022/src/kernelMatrixmult_all.cpp:3280:63)
WARNING: [HLS 207-5507] the 'dim' option to 'Stream' pragma is not supported and will be ignored (/home/josnu02/projects/workspace/gnn-rfsoc-mt-all-2022/src/kernelMatrixmult_all.cpp:3282:63)
WARNING: [HLS 207-5507] the 'dim' option to 'Stream' pragma is not supported and will be ignored (/home/josnu02/projects/workspace/gnn-rfsoc-mt-all-2022/src/kernelMatrixmult_all.cpp:3284:63)
WARNING: [HLS 207-5507] the 'dim' option to 'Stream' pragma is not supported and will be ignored (/home/josnu02/projects/workspace/gnn-rfsoc-mt-all-2022/src/kernelMatrixmult_all.cpp:3288:73)
WARNING: [HLS 207-5507] the 'dim' option to 'Stream' pragma is not supported and will be ignored (/home/josnu02/projects/workspace/gnn-rfsoc-mt-all-2022/src/kernelMatrixmult_all.cpp:3290:73)
WARNING: [HLS 207-5507] the 'dim' option to 'Stream' pragma is not supported and will be ignored (/home/josnu02/projects/workspace/gnn-rfsoc-mt-all-2022/src/kernelMatrixmult_all.cpp:3292:73)
WARNING: [HLS 207-5507] the 'dim' option to 'Stream' pragma is not supported and will be ignored (/home/josnu02/projects/workspace/gnn-rfsoc-mt-all-2022/src/kernelMatrixmult_all.cpp:3294:73)
WARNING: [HLS 207-5507] the 'dim' option to 'Stream' pragma is not supported and will be ignored (/home/josnu02/projects/workspace/gnn-rfsoc-mt-all-2022/src/kernelMatrixmult_all.cpp:3299:59)
WARNING: [HLS 207-5507] the 'dim' option to 'Stream' pragma is not supported and will be ignored (/home/josnu02/projects/workspace/gnn-rfsoc-mt-all-2022/src/kernelMatrixmult_all.cpp:3301:59)
WARNING: [HLS 207-5507] the 'dim' option to 'Stream' pragma is not supported and will be ignored (/home/josnu02/projects/workspace/gnn-rfsoc-mt-all-2022/src/kernelMatrixmult_all.cpp:3303:59)
WARNING: [HLS 207-5507] the 'dim' option to 'Stream' pragma is not supported and will be ignored (/home/josnu02/projects/workspace/gnn-rfsoc-mt-all-2022/src/kernelMatrixmult_all.cpp:3305:59)
WARNING: [HLS 207-5507] the 'dim' option to 'Stream' pragma is not supported and will be ignored (/home/josnu02/projects/workspace/gnn-rfsoc-mt-all-2022/src/kernelMatrixmult_all.cpp:3308:63)
WARNING: [HLS 207-5507] the 'dim' option to 'Stream' pragma is not supported and will be ignored (/home/josnu02/projects/workspace/gnn-rfsoc-mt-all-2022/src/kernelMatrixmult_all.cpp:3310:63)
WARNING: [HLS 207-5507] the 'dim' option to 'Stream' pragma is not supported and will be ignored (/home/josnu02/projects/workspace/gnn-rfsoc-mt-all-2022/src/kernelMatrixmult_all.cpp:3312:63)
WARNING: [HLS 207-5507] the 'dim' option to 'Stream' pragma is not supported and will be ignored (/home/josnu02/projects/workspace/gnn-rfsoc-mt-all-2022/src/kernelMatrixmult_all.cpp:3314:63)
WARNING: [HLS 214-113] Either use an argument of the function or declare the variable inside the dataflow loop body (/home/josnu02/projects/workspace/gnn-rfsoc-mt-all-2022/src/kernelMatrixmult_all.cpp:2996:60)
WARNING: [HLS 214-113] Either use an argument of the function or declare the variable inside the dataflow loop body (/home/josnu02/projects/workspace/gnn-rfsoc-mt-all-2022/src/kernelMatrixmult_all.cpp:2996:72)
WARNING: [HLS 214-113] Either use an argument of the function or declare the variable inside the dataflow loop body (/home/josnu02/projects/workspace/gnn-rfsoc-mt-all-2022/src/kernelMatrixmult_all.cpp:2996:94)
WARNING: [HLS 214-113] Either use an argument of the function or declare the variable inside the dataflow loop body (/home/josnu02/projects/workspace/gnn-rfsoc-mt-all-2022/src/kernelMatrixmult_all.cpp:3019:83)
WARNING: [HLS 214-113] Either use an argument of the function or declare the variable inside the dataflow loop body (/home/josnu02/projects/workspace/gnn-rfsoc-mt-all-2022/src/kernelMatrixmult_all.cpp:3019:96)
WARNING: [HLS 214-113] Either use an argument of the function or declare the variable inside the dataflow loop body (/home/josnu02/projects/workspace/gnn-rfsoc-mt-all-2022/src/kernelMatrixmult_all.cpp:3019:119)
WARNING: [HLS 214-113] Either use an argument of the function or declare the variable inside the dataflow loop body (/home/josnu02/projects/workspace/gnn-rfsoc-mt-all-2022/src/kernelMatrixmult_all.cpp:3019:134)
WARNING: [HLS 214-113] Either use an argument of the function or declare the variable inside the dataflow loop body (/home/josnu02/projects/workspace/gnn-rfsoc-mt-all-2022/src/kernelMatrixmult_all.cpp:3019:143)
WARNING: [HLS 214-114] Since the only kind of statements allowed in a canonical dataflow region are variable declarations and function calls, the compiler may not be able to correctly handle the region (/home/josnu02/projects/workspace/gnn-rfsoc-mt-all-2022/src/kernelMatrixmult_all.cpp:2915:9)
WARNING: [HLS 214-169] There are a total of 4 such instances of non-canonical statements in the dataflow region (/home/josnu02/projects/workspace/gnn-rfsoc-mt-all-2022/src/kernelMatrixmult_all.cpp:2915:9)
WARNING: [HLS 214-113] Either use an argument of the function or declare the variable inside the dataflow loop body (/home/josnu02/projects/workspace/gnn-rfsoc-mt-all-2022/src/kernelMatrixmult_all.cpp:3370:56)
WARNING: [HLS 214-113] Either use an argument of the function or declare the variable inside the dataflow loop body (/home/josnu02/projects/workspace/gnn-rfsoc-mt-all-2022/src/kernelMatrixmult_all.cpp:3370:68)
WARNING: [HLS 214-113] Either use an argument of the function or declare the variable inside the dataflow loop body (/home/josnu02/projects/workspace/gnn-rfsoc-mt-all-2022/src/kernelMatrixmult_all.cpp:3370:90)
WARNING: [HLS 214-113] Either use an argument of the function or declare the variable inside the dataflow loop body (/home/josnu02/projects/workspace/gnn-rfsoc-mt-all-2022/src/kernelMatrixmult_all.cpp:3377:87)
WARNING: [HLS 214-113] Either use an argument of the function or declare the variable inside the dataflow loop body (/home/josnu02/projects/workspace/gnn-rfsoc-mt-all-2022/src/kernelMatrixmult_all.cpp:3377:100)
WARNING: [HLS 214-113] Either use an argument of the function or declare the variable inside the dataflow loop body (/home/josnu02/projects/workspace/gnn-rfsoc-mt-all-2022/src/kernelMatrixmult_all.cpp:3377:123)
WARNING: [HLS 214-113] Either use an argument of the function or declare the variable inside the dataflow loop body (/home/josnu02/projects/workspace/gnn-rfsoc-mt-all-2022/src/kernelMatrixmult_all.cpp:3377:138)
WARNING: [HLS 214-113] Either use an argument of the function or declare the variable inside the dataflow loop body (/home/josnu02/projects/workspace/gnn-rfsoc-mt-all-2022/src/kernelMatrixmult_all.cpp:3380:11)
WARNING: [HLS 214-113] Either use an argument of the function or declare the variable inside the dataflow loop body (/home/josnu02/projects/workspace/gnn-rfsoc-mt-all-2022/src/kernelMatrixmult_all.cpp:3408:49)
WARNING: [HLS 214-114] Since the only kind of statements allowed in a canonical dataflow region are variable declarations and function calls, the compiler may not be able to correctly handle the region (/home/josnu02/projects/workspace/gnn-rfsoc-mt-all-2022/src/kernelMatrixmult_all.cpp:3324:9)
WARNING: [HLS 200-471] Dataflow form checks found 20 issue(s) in file /home/josnu02/projects/workspace/gnn-rfsoc-mt-all-2022/src/kernelMatrixmult_all.cpp
WARNING: [HLS 207-5292] unused parameter 'name' (/sw/xilinx/Vivado/2022.1/Vitis_HLS/2022.1/common/technology/autopilot/hls_streamofblocks.h:309:77)
WARNING: [HLS 207-5292] unused parameter 'zero_point_lhs' (/home/josnu02/projects/workspace/gnn-rfsoc-mt-all-2022/src/kernelMatrixmult_all.cpp:83:93)
WARNING: [HLS 207-5292] unused parameter 'zero_point_rhs' (/home/josnu02/projects/workspace/gnn-rfsoc-mt-all-2022/src/kernelMatrixmult_all.cpp:83:118)
WARNING: [HLS 207-5292] unused parameter 'zero_point_lhs' (/home/josnu02/projects/workspace/gnn-rfsoc-mt-all-2022/src/kernelMatrixmult_all.cpp:111:133)
WARNING: [HLS 207-5292] unused parameter 'zero_point_rhs' (/home/josnu02/projects/workspace/gnn-rfsoc-mt-all-2022/src/kernelMatrixmult_all.cpp:111:158)
WARNING: [HLS 207-5292] unused parameter 'zero_point_lhs' (/home/josnu02/projects/workspace/gnn-rfsoc-mt-all-2022/src/kernelMatrixmult_all.cpp:197:181)
WARNING: [HLS 207-5292] unused parameter 'zero_point_rhs' (/home/josnu02/projects/workspace/gnn-rfsoc-mt-all-2022/src/kernelMatrixmult_all.cpp:197:206)
WARNING: [HLS 207-5292] unused parameter 'zero_point_lhs' (/home/josnu02/projects/workspace/gnn-rfsoc-mt-all-2022/src/kernelMatrixmult_all.cpp:284:91)
WARNING: [HLS 207-5292] unused parameter 'zero_point_rhs' (/home/josnu02/projects/workspace/gnn-rfsoc-mt-all-2022/src/kernelMatrixmult_all.cpp:284:116)
WARNING: [HLS 207-5292] unused parameter 'zero_point_lhs' (/home/josnu02/projects/workspace/gnn-rfsoc-mt-all-2022/src/kernelMatrixmult_all.cpp:317:30)
WARNING: [HLS 207-5292] unused parameter 'zero_point_rhs' (/home/josnu02/projects/workspace/gnn-rfsoc-mt-all-2022/src/kernelMatrixmult_all.cpp:317:55)
WARNING: [HLS 207-5292] unused parameter 'zero_point_lhs' (/home/josnu02/projects/workspace/gnn-rfsoc-mt-all-2022/src/kernelMatrixmult_all.cpp:419:30)
WARNING: [HLS 207-5292] unused parameter 'zero_point_rhs' (/home/josnu02/projects/workspace/gnn-rfsoc-mt-all-2022/src/kernelMatrixmult_all.cpp:419:55)
WARNING: [HLS 207-5292] unused parameter 'zero_point_lhs' (/home/josnu02/projects/workspace/gnn-rfsoc-mt-all-2022/src/kernelMatrixmult_all.cpp:519:56)
WARNING: [HLS 207-5292] unused parameter 'zero_point_rhs' (/home/josnu02/projects/workspace/gnn-rfsoc-mt-all-2022/src/kernelMatrixmult_all.cpp:519:81)
WARNING: [HLS 207-5292] unused parameter 'zero_point_lhs' (/home/josnu02/projects/workspace/gnn-rfsoc-mt-all-2022/src/kernelMatrixmult_all.cpp:617:91)
WARNING: [HLS 207-5292] unused parameter 'zero_point_rhs' (/home/josnu02/projects/workspace/gnn-rfsoc-mt-all-2022/src/kernelMatrixmult_all.cpp:617:116)
WARNING: [HLS 207-5292] unused parameter 'first_row' (/home/josnu02/projects/workspace/gnn-rfsoc-mt-all-2022/src/kernelMatrixmult_all.cpp:713:17)
WARNING: [HLS 207-5292] unused parameter 'B_index' (/home/josnu02/projects/workspace/gnn-rfsoc-mt-all-2022/src/kernelMatrixmult_all.cpp:1175:30)
WARNING: [HLS 207-5292] unused parameter 'B_index_loop' (/home/josnu02/projects/workspace/gnn-rfsoc-mt-all-2022/src/kernelMatrixmult_all.cpp:1175:43)
WARNING: [HLS 207-5292] unused parameter 'tail' (/home/josnu02/projects/workspace/gnn-rfsoc-mt-all-2022/src/kernelMatrixmult_all.cpp:1175:61)
WARNING: [HLS 207-5292] unused parameter 'B_index_loop' (/home/josnu02/projects/workspace/gnn-rfsoc-mt-all-2022/src/kernelMatrixmult_all.cpp:1257:5)
WARNING: [HLS 207-5292] unused parameter 'tail' (/home/josnu02/projects/workspace/gnn-rfsoc-mt-all-2022/src/kernelMatrixmult_all.cpp:1257:23)
WARNING: [HLS 207-5292] unused parameter 'B_index_loop' (/home/josnu02/projects/workspace/gnn-rfsoc-mt-all-2022/src/kernelMatrixmult_all.cpp:1321:47)
WARNING: [HLS 207-5292] unused parameter 'tail' (/home/josnu02/projects/workspace/gnn-rfsoc-mt-all-2022/src/kernelMatrixmult_all.cpp:1321:65)
WARNING: [HLS 207-5292] unused parameter 'block_size' (/home/josnu02/projects/workspace/gnn-rfsoc-mt-all-2022/src/kernelMatrixmult_all.cpp:1735:35)
WARNING: [HLS 207-5292] unused parameter 'gemm_mode' (/home/josnu02/projects/workspace/gnn-rfsoc-mt-all-2022/src/kernelMatrixmult_all.cpp:1917:34)
WARNING: [HLS 207-5292] unused parameter 'quantized_multiplier' (/home/josnu02/projects/workspace/gnn-rfsoc-mt-all-2022/src/kernelMatrixmult_all.cpp:2110:24)
WARNING: [HLS 207-5292] unused parameter 'shift' (/home/josnu02/projects/workspace/gnn-rfsoc-mt-all-2022/src/kernelMatrixmult_all.cpp:2110:58)
WARNING: [HLS 207-5292] unused parameter 'bias' (/home/josnu02/projects/workspace/gnn-rfsoc-mt-all-2022/src/kernelMatrixmult_all.cpp:2110:77)
WARNING: [HLS 207-5292] unused parameter 'zero_point_dst' (/home/josnu02/projects/workspace/gnn-rfsoc-mt-all-2022/src/kernelMatrixmult_all.cpp:2110:93)
WARNING: [HLS 207-5292] unused parameter 'clamp_max' (/home/josnu02/projects/workspace/gnn-rfsoc-mt-all-2022/src/kernelMatrixmult_all.cpp:2110:119)
WARNING: [HLS 207-5292] unused parameter 'clamp_min' (/home/josnu02/projects/workspace/gnn-rfsoc-mt-all-2022/src/kernelMatrixmult_all.cpp:2110:139)
WARNING: [HLS 207-5292] unused parameter 'M' (/home/josnu02/projects/workspace/gnn-rfsoc-mt-all-2022/src/kernelMatrixmult_all.cpp:2110:160)
WARNING: [HLS 207-5292] unused parameter 'P' (/home/josnu02/projects/workspace/gnn-rfsoc-mt-all-2022/src/kernelMatrixmult_all.cpp:2110:167)
WARNING: [HLS 207-5292] unused parameter 'first_row' (/home/josnu02/projects/workspace/gnn-rfsoc-mt-all-2022/src/kernelMatrixmult_all.cpp:2217:88)
WARNING: [HLS 207-5292] unused parameter 'first_row' (/home/josnu02/projects/workspace/gnn-rfsoc-mt-all-2022/src/kernelMatrixmult_all.cpp:2318:88)
WARNING: [HLS 207-5292] unused parameter 'first_row' (/home/josnu02/projects/workspace/gnn-rfsoc-mt-all-2022/src/kernelMatrixmult_all.cpp:2417:88)
WARNING: [HLS 207-5292] unused parameter 'first_row' (/home/josnu02/projects/workspace/gnn-rfsoc-mt-all-2022/src/kernelMatrixmult_all.cpp:2529:88)
WARNING: [HLS 207-5292] unused parameter 'first_row' (/home/josnu02/projects/workspace/gnn-rfsoc-mt-all-2022/src/kernelMatrixmult_all.cpp:2639:88)
WARNING: [HLS 207-5292] unused parameter 'first_row' (/home/josnu02/projects/workspace/gnn-rfsoc-mt-all-2022/src/kernelMatrixmult_all.cpp:2745:88)
WARNING: [HLS 207-5292] unused parameter 'rowPtr_fea2' (/home/josnu02/projects/workspace/gnn-rfsoc-mt-all-2022/src/kernelMatrixmult_all.cpp:2850:52)
WARNING: [HLS 207-5292] unused parameter 'rowPtr_fea3' (/home/josnu02/projects/workspace/gnn-rfsoc-mt-all-2022/src/kernelMatrixmult_all.cpp:2850:69)
WARNING: [HLS 207-5292] unused parameter 'rowPtr_fea4' (/home/josnu02/projects/workspace/gnn-rfsoc-mt-all-2022/src/kernelMatrixmult_all.cpp:2850:86)
WARNING: [HLS 207-5292] unused parameter 'columnIndex_fea2' (/home/josnu02/projects/workspace/gnn-rfsoc-mt-all-2022/src/kernelMatrixmult_all.cpp:2851:29)
WARNING: [HLS 207-5292] unused parameter 'columnIndex_fea3' (/home/josnu02/projects/workspace/gnn-rfsoc-mt-all-2022/src/kernelMatrixmult_all.cpp:2851:51)
WARNING: [HLS 207-5292] unused parameter 'columnIndex_fea4' (/home/josnu02/projects/workspace/gnn-rfsoc-mt-all-2022/src/kernelMatrixmult_all.cpp:2851:73)
WARNING: [HLS 207-5292] unused parameter 'values_fea2' (/home/josnu02/projects/workspace/gnn-rfsoc-mt-all-2022/src/kernelMatrixmult_all.cpp:2852:28)
WARNING: [HLS 207-5292] unused parameter 'values_fea3' (/home/josnu02/projects/workspace/gnn-rfsoc-mt-all-2022/src/kernelMatrixmult_all.cpp:2852:47)
WARNING: [HLS 207-5292] unused parameter 'values_fea4' (/home/josnu02/projects/workspace/gnn-rfsoc-mt-all-2022/src/kernelMatrixmult_all.cpp:2852:66)
WARNING: [HLS 207-5292] unused parameter 'C_buffer12' (/home/josnu02/projects/workspace/gnn-rfsoc-mt-all-2022/src/kernelMatrixmult_all.cpp:2855:69)
WARNING: [HLS 207-5292] unused parameter 'C_buffer13' (/home/josnu02/projects/workspace/gnn-rfsoc-mt-all-2022/src/kernelMatrixmult_all.cpp:2856:30)
WARNING: [HLS 207-5292] unused parameter 'C_buffer14' (/home/josnu02/projects/workspace/gnn-rfsoc-mt-all-2022/src/kernelMatrixmult_all.cpp:2856:69)
WARNING: [HLS 207-5292] unused parameter 'C_buffer21' (/home/josnu02/projects/workspace/gnn-rfsoc-mt-all-2022/src/kernelMatrixmult_all.cpp:2857:30)
WARNING: [HLS 207-5292] unused parameter 'C_buffer22' (/home/josnu02/projects/workspace/gnn-rfsoc-mt-all-2022/src/kernelMatrixmult_all.cpp:2857:69)
WARNING: [HLS 207-5292] unused parameter 'C_buffer23' (/home/josnu02/projects/workspace/gnn-rfsoc-mt-all-2022/src/kernelMatrixmult_all.cpp:2858:30)
WARNING: [HLS 207-5292] unused parameter 'C_buffer24' (/home/josnu02/projects/workspace/gnn-rfsoc-mt-all-2022/src/kernelMatrixmult_all.cpp:2858:69)
WARNING: [HLS 207-5292] unused parameter 'C_buffer31' (/home/josnu02/projects/workspace/gnn-rfsoc-mt-all-2022/src/kernelMatrixmult_all.cpp:2859:30)
WARNING: [HLS 207-5292] unused parameter 'C_buffer32' (/home/josnu02/projects/workspace/gnn-rfsoc-mt-all-2022/src/kernelMatrixmult_all.cpp:2859:69)
WARNING: [HLS 207-5292] unused parameter 'C_buffer33' (/home/josnu02/projects/workspace/gnn-rfsoc-mt-all-2022/src/kernelMatrixmult_all.cpp:2860:30)
WARNING: [HLS 207-5292] unused parameter 'C_buffer34' (/home/josnu02/projects/workspace/gnn-rfsoc-mt-all-2022/src/kernelMatrixmult_all.cpp:2860:69)
WARNING: [HLS 207-5292] unused parameter 'C_buffer41' (/home/josnu02/projects/workspace/gnn-rfsoc-mt-all-2022/src/kernelMatrixmult_all.cpp:2861:30)
WARNING: [HLS 207-5292] unused parameter 'C_buffer42' (/home/josnu02/projects/workspace/gnn-rfsoc-mt-all-2022/src/kernelMatrixmult_all.cpp:2861:69)
WARNING: [HLS 207-5292] unused parameter 'C_buffer43' (/home/josnu02/projects/workspace/gnn-rfsoc-mt-all-2022/src/kernelMatrixmult_all.cpp:2862:30)
WARNING: [HLS 207-5292] unused parameter 'C_buffer44' (/home/josnu02/projects/workspace/gnn-rfsoc-mt-all-2022/src/kernelMatrixmult_all.cpp:2862:69)
WARNING: [HLS 207-5292] unused parameter 'rowPtr_adj2' (/home/josnu02/projects/workspace/gnn-rfsoc-mt-all-2022/src/kernelMatrixmult_all.cpp:3252:37)
WARNING: [HLS 207-5292] unused parameter 'rowPtr_adj3' (/home/josnu02/projects/workspace/gnn-rfsoc-mt-all-2022/src/kernelMatrixmult_all.cpp:3252:54)
WARNING: [HLS 207-5292] unused parameter 'rowPtr_adj4' (/home/josnu02/projects/workspace/gnn-rfsoc-mt-all-2022/src/kernelMatrixmult_all.cpp:3252:71)
WARNING: [HLS 207-5292] unused parameter 'columnIndex_adj2' (/home/josnu02/projects/workspace/gnn-rfsoc-mt-all-2022/src/kernelMatrixmult_all.cpp:3253:29)
WARNING: [HLS 207-5292] unused parameter 'columnIndex_adj3' (/home/josnu02/projects/workspace/gnn-rfsoc-mt-all-2022/src/kernelMatrixmult_all.cpp:3253:51)
WARNING: [HLS 207-5292] unused parameter 'columnIndex_adj4' (/home/josnu02/projects/workspace/gnn-rfsoc-mt-all-2022/src/kernelMatrixmult_all.cpp:3253:73)
WARNING: [HLS 207-5292] unused parameter 'values_adj2' (/home/josnu02/projects/workspace/gnn-rfsoc-mt-all-2022/src/kernelMatrixmult_all.cpp:3254:28)
WARNING: [HLS 207-5292] unused parameter 'values_adj3' (/home/josnu02/projects/workspace/gnn-rfsoc-mt-all-2022/src/kernelMatrixmult_all.cpp:3254:47)
WARNING: [HLS 207-5292] unused parameter 'values_adj4' (/home/josnu02/projects/workspace/gnn-rfsoc-mt-all-2022/src/kernelMatrixmult_all.cpp:3254:66)
WARNING: [HLS 207-5292] unused parameter 'M_adj' (/home/josnu02/projects/workspace/gnn-rfsoc-mt-all-2022/src/kernelMatrixmult_all.cpp:3255:17)
WARNING: [HLS 207-5292] unused parameter 'C_buffer12' (/home/josnu02/projects/workspace/gnn-rfsoc-mt-all-2022/src/kernelMatrixmult_all.cpp:3256:69)
WARNING: [HLS 207-5292] unused parameter 'C_buffer13' (/home/josnu02/projects/workspace/gnn-rfsoc-mt-all-2022/src/kernelMatrixmult_all.cpp:3257:30)
WARNING: [HLS 207-5292] unused parameter 'C_buffer14' (/home/josnu02/projects/workspace/gnn-rfsoc-mt-all-2022/src/kernelMatrixmult_all.cpp:3257:69)
WARNING: [HLS 207-5292] unused parameter 'C_buffer21' (/home/josnu02/projects/workspace/gnn-rfsoc-mt-all-2022/src/kernelMatrixmult_all.cpp:3258:30)
WARNING: [HLS 207-5292] unused parameter 'C_buffer22' (/home/josnu02/projects/workspace/gnn-rfsoc-mt-all-2022/src/kernelMatrixmult_all.cpp:3258:69)
WARNING: [HLS 207-5292] unused parameter 'C_buffer23' (/home/josnu02/projects/workspace/gnn-rfsoc-mt-all-2022/src/kernelMatrixmult_all.cpp:3259:30)
WARNING: [HLS 207-5292] unused parameter 'C_buffer24' (/home/josnu02/projects/workspace/gnn-rfsoc-mt-all-2022/src/kernelMatrixmult_all.cpp:3259:69)
WARNING: [HLS 207-5292] unused parameter 'C_buffer31' (/home/josnu02/projects/workspace/gnn-rfsoc-mt-all-2022/src/kernelMatrixmult_all.cpp:3260:30)
WARNING: [HLS 207-5292] unused parameter 'C_buffer32' (/home/josnu02/projects/workspace/gnn-rfsoc-mt-all-2022/src/kernelMatrixmult_all.cpp:3260:69)
WARNING: [HLS 207-5292] unused parameter 'C_buffer33' (/home/josnu02/projects/workspace/gnn-rfsoc-mt-all-2022/src/kernelMatrixmult_all.cpp:3261:30)
WARNING: [HLS 207-5292] unused parameter 'C_buffer34' (/home/josnu02/projects/workspace/gnn-rfsoc-mt-all-2022/src/kernelMatrixmult_all.cpp:3261:69)
WARNING: [HLS 207-5292] unused parameter 'C_buffer41' (/home/josnu02/projects/workspace/gnn-rfsoc-mt-all-2022/src/kernelMatrixmult_all.cpp:3262:30)
WARNING: [HLS 207-5292] unused parameter 'C_buffer42' (/home/josnu02/projects/workspace/gnn-rfsoc-mt-all-2022/src/kernelMatrixmult_all.cpp:3262:69)
WARNING: [HLS 207-5292] unused parameter 'C_buffer43' (/home/josnu02/projects/workspace/gnn-rfsoc-mt-all-2022/src/kernelMatrixmult_all.cpp:3263:30)
WARNING: [HLS 207-5292] unused parameter 'C_buffer44' (/home/josnu02/projects/workspace/gnn-rfsoc-mt-all-2022/src/kernelMatrixmult_all.cpp:3263:69)
WARNING: [HLS 207-5292] unused parameter 'D2' (/home/josnu02/projects/workspace/gnn-rfsoc-mt-all-2022/src/kernelMatrixmult_all.cpp:3264:46)
WARNING: [HLS 207-5292] unused parameter 'D3' (/home/josnu02/projects/workspace/gnn-rfsoc-mt-all-2022/src/kernelMatrixmult_all.cpp:3264:56)
WARNING: [HLS 207-5292] unused parameter 'D4' (/home/josnu02/projects/workspace/gnn-rfsoc-mt-all-2022/src/kernelMatrixmult_all.cpp:3264:66)
WARNING: [HLS 207-5292] unused parameter 'quantized_multiplier' (/home/josnu02/projects/workspace/gnn-rfsoc-mt-all-2022/src/kernelMatrixmult_all.cpp:3540:47)
WARNING: [HLS 207-5292] unused parameter 'shift' (/home/josnu02/projects/workspace/gnn-rfsoc-mt-all-2022/src/kernelMatrixmult_all.cpp:3540:81)
WARNING: [HLS 207-5292] unused parameter 'bias' (/home/josnu02/projects/workspace/gnn-rfsoc-mt-all-2022/src/kernelMatrixmult_all.cpp:3540:100)
WARNING: [HLS 207-5292] unused parameter 'bias_count' (/home/josnu02/projects/workspace/gnn-rfsoc-mt-all-2022/src/kernelMatrixmult_all.cpp:3541:13)
WARNING: [HLS 207-5292] unused parameter 'zero_point_dst' (/home/josnu02/projects/workspace/gnn-rfsoc-mt-all-2022/src/kernelMatrixmult_all.cpp:3542:12)
WARNING: [HLS 207-5292] unused parameter 'clamp_max' (/home/josnu02/projects/workspace/gnn-rfsoc-mt-all-2022/src/kernelMatrixmult_all.cpp:3542:38)
WARNING: [HLS 207-5292] unused parameter 'clamp_min' (/home/josnu02/projects/workspace/gnn-rfsoc-mt-all-2022/src/kernelMatrixmult_all.cpp:3542:58)
WARNING: [HLS 207-5292] unused parameter 'array_c_adjust' (/home/josnu02/projects/workspace/gnn-rfsoc-mt-all-2022/src/kernelMatrixmult_all.cpp:3545:7)
INFO: [HLS 200-111] Finished Source Code Analysis and Preprocessing: CPU user time: 11.15 seconds. CPU system time: 1.24 seconds. Elapsed time: 14.41 seconds; current allocated memory: 475.375 MB.
INFO: [HLS 200-777] Using interface defaults for 'Vivado' flow target.
INFO: [HLS 214-131] Inlining function 'dsp_kernel_float_fea(half, half (*) [2], ap_int<32>, ap_int<8>, ap_int<8>, half*)' into 'dsp_kernel_wrapper_fea(bool, int*, hls::stream<half, 0>&, hls::stream<int, 0>&, half (*) [2], ap_int<8>, ap_int<8>, half (*) [4])' (/home/josnu02/projects/workspace/gnn-rfsoc-mt-all-2022/src/kernelMatrixmult_all.cpp:1987:6)
INFO: [HLS 214-131] Inlining function 'dsp_kernel_float_adj_1(half, half (*) [2], ap_int<32>, ap_int<8>, ap_int<8>, half*)' into 'dsp_kernel_wrapper_adj_1(int, int*, hls::stream<half, 0>&, hls::stream<int, 0>&, half (*) [2], ap_int<8>, ap_int<8>, half (*) [4])' (/home/josnu02/projects/workspace/gnn-rfsoc-mt-all-2022/src/kernelMatrixmult_all.cpp:1808:5)
INFO: [HLS 214-210] Disaggregating variable 'C_buffer11' (/home/josnu02/projects/workspace/gnn-rfsoc-mt-all-2022/src/kernelMatrixmult_all.cpp:3562:34)
INFO: [HLS 214-291] Loop 'DSP_LOOP_SPMM2' is marked as complete unroll implied by the pipeline pragma (/home/josnu02/projects/workspace/gnn-rfsoc-mt-all-2022/src/kernelMatrixmult_all.cpp:1789:18)
INFO: [HLS 214-291] Loop 'VITIS_LOOP_92_1' is marked as complete unroll implied by the pipeline pragma (/home/josnu02/projects/workspace/gnn-rfsoc-mt-all-2022/src/kernelMatrixmult_all.cpp:92:19)
INFO: [HLS 214-291] Loop 'VITIS_LOOP_1810_5' is marked as complete unroll implied by the pipeline pragma (/home/josnu02/projects/workspace/gnn-rfsoc-mt-all-2022/src/kernelMatrixmult_all.cpp:1810:31)
INFO: [HLS 214-291] Loop 'VITIS_LOOP_1813_6' is marked as complete unroll implied by the pipeline pragma (/home/josnu02/projects/workspace/gnn-rfsoc-mt-all-2022/src/kernelMatrixmult_all.cpp:1813:32)
INFO: [HLS 214-291] Loop 'DSP_LOOP_SPMM2' is marked as complete unroll implied by the pipeline pragma (/home/josnu02/projects/workspace/gnn-rfsoc-mt-all-2022/src/kernelMatrixmult_all.cpp:1970:18)
INFO: [HLS 214-291] Loop 'VITIS_LOOP_293_1' is marked as complete unroll implied by the pipeline pragma (/home/josnu02/projects/workspace/gnn-rfsoc-mt-all-2022/src/kernelMatrixmult_all.cpp:293:20)
INFO: [HLS 214-291] Loop 'SPMM_BLOCK_LOOP1' is marked as complete unroll implied by the pipeline pragma (/home/josnu02/projects/workspace/gnn-rfsoc-mt-all-2022/src/kernelMatrixmult_all.cpp:1989:24)
INFO: [HLS 214-291] Loop 'SPMM_BLOCK_LOOP2' is marked as complete unroll implied by the pipeline pragma (/home/josnu02/projects/workspace/gnn-rfsoc-mt-all-2022/src/kernelMatrixmult_all.cpp:1992:21)
INFO: [HLS 214-186] Unrolling loop 'LOOP_ACC21' (/home/josnu02/projects/workspace/gnn-rfsoc-mt-all-2022/src/kernelMatrixmult_all.cpp:2466:15) in function 'compute2_1' completely with a factor of 2 (/home/josnu02/projects/workspace/gnn-rfsoc-mt-all-2022/src/kernelMatrixmult_all.cpp:2421:0)
INFO: [HLS 214-186] Unrolling loop 'LOOP_ACC22' (/home/josnu02/projects/workspace/gnn-rfsoc-mt-all-2022/src/kernelMatrixmult_all.cpp:2468:15) in function 'compute2_1' completely with a factor of 4 (/home/josnu02/projects/workspace/gnn-rfsoc-mt-all-2022/src/kernelMatrixmult_all.cpp:2421:0)
INFO: [HLS 214-186] Unrolling loop 'LOOP_RNNZ' (/home/josnu02/projects/workspace/gnn-rfsoc-mt-all-2022/src/kernelMatrixmult_all.cpp:2480:14) in function 'compute2_1' completely with a factor of 4 (/home/josnu02/projects/workspace/gnn-rfsoc-mt-all-2022/src/kernelMatrixmult_all.cpp:2421:0)
INFO: [HLS 214-186] Unrolling loop 'LOOP_C_BUF1' (/home/josnu02/projects/workspace/gnn-rfsoc-mt-all-2022/src/kernelMatrixmult_all.cpp:2497:16) in function 'compute2_1' completely with a factor of 2 (/home/josnu02/projects/workspace/gnn-rfsoc-mt-all-2022/src/kernelMatrixmult_all.cpp:2421:0)
INFO: [HLS 214-186] Unrolling loop 'LOOP_C_BUF2' (/home/josnu02/projects/workspace/gnn-rfsoc-mt-all-2022/src/kernelMatrixmult_all.cpp:2509:21) in function 'compute2_1' completely with a factor of 4 (/home/josnu02/projects/workspace/gnn-rfsoc-mt-all-2022/src/kernelMatrixmult_all.cpp:2421:0)
INFO: [HLS 214-186] Unrolling loop 'FLOAT_PART1' (/home/josnu02/projects/workspace/gnn-rfsoc-mt-all-2022/src/kernelMatrixmult_all.cpp:1843:16) in function 'dsp_kernel_wrapper_adj_1' completely with a factor of 2 (/home/josnu02/projects/workspace/gnn-rfsoc-mt-all-2022/src/kernelMatrixmult_all.cpp:1739:0)
INFO: [HLS 214-186] Unrolling loop 'FLOAT_PART2' (/home/josnu02/projects/workspace/gnn-rfsoc-mt-all-2022/src/kernelMatrixmult_all.cpp:1845:16) in function 'dsp_kernel_wrapper_adj_1' completely with a factor of 4 (/home/josnu02/projects/workspace/gnn-rfsoc-mt-all-2022/src/kernelMatrixmult_all.cpp:1739:0)
INFO: [HLS 214-186] Unrolling loop 'ACC_PART1' (/home/josnu02/projects/workspace/gnn-rfsoc-mt-all-2022/src/kernelMatrixmult_all.cpp:1831:14) in function 'dsp_kernel_wrapper_adj_1' completely with a factor of 2 (/home/josnu02/projects/workspace/gnn-rfsoc-mt-all-2022/src/kernelMatrixmult_all.cpp:1739:0)
INFO: [HLS 214-186] Unrolling loop 'ACC_PART2' (/home/josnu02/projects/workspace/gnn-rfsoc-mt-all-2022/src/kernelMatrixmult_all.cpp:1833:14) in function 'dsp_kernel_wrapper_adj_1' completely with a factor of 4 (/home/josnu02/projects/workspace/gnn-rfsoc-mt-all-2022/src/kernelMatrixmult_all.cpp:1739:0)
INFO: [HLS 214-186] Unrolling loop 'DSP_LOOP_SPMM2' (/home/josnu02/projects/workspace/gnn-rfsoc-mt-all-2022/src/kernelMatrixmult_all.cpp:1789:18) in function 'dsp_kernel_wrapper_adj_1' completely with a factor of 4 (/home/josnu02/projects/workspace/gnn-rfsoc-mt-all-2022/src/kernelMatrixmult_all.cpp:1739:0)
INFO: [HLS 214-186] Unrolling loop 'VITIS_LOOP_1810_5' (/home/josnu02/projects/workspace/gnn-rfsoc-mt-all-2022/src/kernelMatrixmult_all.cpp:1810:31) in function 'dsp_kernel_wrapper_adj_1' completely with a factor of 2 (/home/josnu02/projects/workspace/gnn-rfsoc-mt-all-2022/src/kernelMatrixmult_all.cpp:1739:0)
INFO: [HLS 214-186] Unrolling loop 'VITIS_LOOP_1813_6' (/home/josnu02/projects/workspace/gnn-rfsoc-mt-all-2022/src/kernelMatrixmult_all.cpp:1813:32) in function 'dsp_kernel_wrapper_adj_1' completely with a factor of 4 (/home/josnu02/projects/workspace/gnn-rfsoc-mt-all-2022/src/kernelMatrixmult_all.cpp:1739:0)
INFO: [HLS 214-186] Unrolling loop 'VITIS_LOOP_92_1' (/home/josnu02/projects/workspace/gnn-rfsoc-mt-all-2022/src/kernelMatrixmult_all.cpp:92:19) in function 'dsp_kernel_wrapper_adj_1' completely with a factor of 2 (/home/josnu02/projects/workspace/gnn-rfsoc-mt-all-2022/src/kernelMatrixmult_all.cpp:1739:0)
INFO: [HLS 214-186] Unrolling loop 'VITIS_LOOP_1779_4' (/home/josnu02/projects/workspace/gnn-rfsoc-mt-all-2022/src/kernelMatrixmult_all.cpp:1779:26) in function 'dsp_kernel_wrapper_adj_1' completely with a factor of 4 (/home/josnu02/projects/workspace/gnn-rfsoc-mt-all-2022/src/kernelMatrixmult_all.cpp:1739:0)
INFO: [HLS 214-186] Unrolling loop 'RESET_ACC_LOOP_SPMM' (/home/josnu02/projects/workspace/gnn-rfsoc-mt-all-2022/src/kernelMatrixmult_all.cpp:1765:25) in function 'dsp_kernel_wrapper_adj_1' completely with a factor of 2 (/home/josnu02/projects/workspace/gnn-rfsoc-mt-all-2022/src/kernelMatrixmult_all.cpp:1739:0)
INFO: [HLS 214-186] Unrolling loop 'VITIS_LOOP_1767_2' (/home/josnu02/projects/workspace/gnn-rfsoc-mt-all-2022/src/kernelMatrixmult_all.cpp:1767:21) in function 'dsp_kernel_wrapper_adj_1' completely with a factor of 4 (/home/josnu02/projects/workspace/gnn-rfsoc-mt-all-2022/src/kernelMatrixmult_all.cpp:1739:0)
INFO: [HLS 214-186] Unrolling loop 'VITIS_LOOP_1754_1' (/home/josnu02/projects/workspace/gnn-rfsoc-mt-all-2022/src/kernelMatrixmult_all.cpp:1754:21) in function 'dsp_kernel_wrapper_adj_1' completely with a factor of 2 (/home/josnu02/projects/workspace/gnn-rfsoc-mt-all-2022/src/kernelMatrixmult_all.cpp:1739:0)
INFO: [HLS 214-186] Unrolling loop 'LOOP_ACC21' (/home/josnu02/projects/workspace/gnn-rfsoc-mt-all-2022/src/kernelMatrixmult_all.cpp:2584:15) in function 'compute1_1' completely with a factor of 2 (/home/josnu02/projects/workspace/gnn-rfsoc-mt-all-2022/src/kernelMatrixmult_all.cpp:2533:0)
INFO: [HLS 214-186] Unrolling loop 'LOOP_ACC22' (/home/josnu02/projects/workspace/gnn-rfsoc-mt-all-2022/src/kernelMatrixmult_all.cpp:2586:15) in function 'compute1_1' completely with a factor of 4 (/home/josnu02/projects/workspace/gnn-rfsoc-mt-all-2022/src/kernelMatrixmult_all.cpp:2533:0)
INFO: [HLS 214-186] Unrolling loop 'LOOP_RNNZ' (/home/josnu02/projects/workspace/gnn-rfsoc-mt-all-2022/src/kernelMatrixmult_all.cpp:2593:14) in function 'compute1_1' completely with a factor of 4 (/home/josnu02/projects/workspace/gnn-rfsoc-mt-all-2022/src/kernelMatrixmult_all.cpp:2533:0)
INFO: [HLS 214-186] Unrolling loop 'LOOP_C_BUF1' (/home/josnu02/projects/workspace/gnn-rfsoc-mt-all-2022/src/kernelMatrixmult_all.cpp:2605:17) in function 'compute1_1' completely with a factor of 2 (/home/josnu02/projects/workspace/gnn-rfsoc-mt-all-2022/src/kernelMatrixmult_all.cpp:2533:0)
INFO: [HLS 214-186] Unrolling loop 'LOOP_C_BUF2' (/home/josnu02/projects/workspace/gnn-rfsoc-mt-all-2022/src/kernelMatrixmult_all.cpp:2617:19) in function 'compute1_1' completely with a factor of 4 (/home/josnu02/projects/workspace/gnn-rfsoc-mt-all-2022/src/kernelMatrixmult_all.cpp:2533:0)
INFO: [HLS 214-186] Unrolling loop 'ACC_PART_FLOAT1' (/home/josnu02/projects/workspace/gnn-rfsoc-mt-all-2022/src/kernelMatrixmult_all.cpp:2019:21) in function 'dsp_kernel_wrapper_fea' completely with a factor of 2 (/home/josnu02/projects/workspace/gnn-rfsoc-mt-all-2022/src/kernelMatrixmult_all.cpp:1918:0)
INFO: [HLS 214-186] Unrolling loop 'ACC_PART_FLOAT2' (/home/josnu02/projects/workspace/gnn-rfsoc-mt-all-2022/src/kernelMatrixmult_all.cpp:2021:20) in function 'dsp_kernel_wrapper_fea' completely with a factor of 4 (/home/josnu02/projects/workspace/gnn-rfsoc-mt-all-2022/src/kernelMatrixmult_all.cpp:1918:0)
INFO: [HLS 214-186] Unrolling loop 'ACC_PART1' (/home/josnu02/projects/workspace/gnn-rfsoc-mt-all-2022/src/kernelMatrixmult_all.cpp:2005:16) in function 'dsp_kernel_wrapper_fea' completely with a factor of 2 (/home/josnu02/projects/workspace/gnn-rfsoc-mt-all-2022/src/kernelMatrixmult_all.cpp:1918:0)
INFO: [HLS 214-186] Unrolling loop 'ACC_PART2' (/home/josnu02/projects/workspace/gnn-rfsoc-mt-all-2022/src/kernelMatrixmult_all.cpp:2007:13) in function 'dsp_kernel_wrapper_fea' completely with a factor of 4 (/home/josnu02/projects/workspace/gnn-rfsoc-mt-all-2022/src/kernelMatrixmult_all.cpp:1918:0)
INFO: [HLS 214-186] Unrolling loop 'DSP_LOOP_SPMM2' (/home/josnu02/projects/workspace/gnn-rfsoc-mt-all-2022/src/kernelMatrixmult_all.cpp:1970:18) in function 'dsp_kernel_wrapper_fea' completely with a factor of 4 (/home/josnu02/projects/workspace/gnn-rfsoc-mt-all-2022/src/kernelMatrixmult_all.cpp:1918:0)
INFO: [HLS 214-186] Unrolling loop 'SPMM_BLOCK_LOOP1' (/home/josnu02/projects/workspace/gnn-rfsoc-mt-all-2022/src/kernelMatrixmult_all.cpp:1989:24) in function 'dsp_kernel_wrapper_fea' completely with a factor of 2 (/home/josnu02/projects/workspace/gnn-rfsoc-mt-all-2022/src/kernelMatrixmult_all.cpp:1918:0)
INFO: [HLS 214-186] Unrolling loop 'SPMM_BLOCK_LOOP2' (/home/josnu02/projects/workspace/gnn-rfsoc-mt-all-2022/src/kernelMatrixmult_all.cpp:1992:21) in function 'dsp_kernel_wrapper_fea' completely with a factor of 4 (/home/josnu02/projects/workspace/gnn-rfsoc-mt-all-2022/src/kernelMatrixmult_all.cpp:1918:0)
WARNING: [HLS 214-189] Pipeline directive for loop 'SPMM_BLOCK_LOOP2' (/home/josnu02/projects/workspace/gnn-rfsoc-mt-all-2022/src/kernelMatrixmult_all.cpp:1992:21) in function 'dsp_kernel_wrapper_fea' has been removed because the loop is unrolled completely (/home/josnu02/projects/workspace/gnn-rfsoc-mt-all-2022/src/kernelMatrixmult_all.cpp:1918:0)
INFO: [HLS 214-186] Unrolling loop 'VITIS_LOOP_293_1' (/home/josnu02/projects/workspace/gnn-rfsoc-mt-all-2022/src/kernelMatrixmult_all.cpp:293:20) in function 'dsp_kernel_wrapper_fea' completely with a factor of 2 (/home/josnu02/projects/workspace/gnn-rfsoc-mt-all-2022/src/kernelMatrixmult_all.cpp:1918:0)
INFO: [HLS 214-186] Unrolling loop 'VITIS_LOOP_1959_4' (/home/josnu02/projects/workspace/gnn-rfsoc-mt-all-2022/src/kernelMatrixmult_all.cpp:1959:27) in function 'dsp_kernel_wrapper_fea' completely with a factor of 4 (/home/josnu02/projects/workspace/gnn-rfsoc-mt-all-2022/src/kernelMatrixmult_all.cpp:1918:0)
INFO: [HLS 214-186] Unrolling loop 'RESET_ACC_LOOP_SPMM' (/home/josnu02/projects/workspace/gnn-rfsoc-mt-all-2022/src/kernelMatrixmult_all.cpp:1944:26) in function 'dsp_kernel_wrapper_fea' completely with a factor of 2 (/home/josnu02/projects/workspace/gnn-rfsoc-mt-all-2022/src/kernelMatrixmult_all.cpp:1918:0)
INFO: [HLS 214-186] Unrolling loop 'VITIS_LOOP_1946_2' (/home/josnu02/projects/workspace/gnn-rfsoc-mt-all-2022/src/kernelMatrixmult_all.cpp:1946:21) in function 'dsp_kernel_wrapper_fea' completely with a factor of 4 (/home/josnu02/projects/workspace/gnn-rfsoc-mt-all-2022/src/kernelMatrixmult_all.cpp:1918:0)
INFO: [HLS 214-186] Unrolling loop 'VITIS_LOOP_1948_3' (/home/josnu02/projects/workspace/gnn-rfsoc-mt-all-2022/src/kernelMatrixmult_all.cpp:1948:21) in function 'dsp_kernel_wrapper_fea' completely with a factor of 4 (/home/josnu02/projects/workspace/gnn-rfsoc-mt-all-2022/src/kernelMatrixmult_all.cpp:1918:0)
INFO: [HLS 214-186] Unrolling loop 'VITIS_LOOP_1935_1' (/home/josnu02/projects/workspace/gnn-rfsoc-mt-all-2022/src/kernelMatrixmult_all.cpp:1935:21) in function 'dsp_kernel_wrapper_fea' completely with a factor of 2 (/home/josnu02/projects/workspace/gnn-rfsoc-mt-all-2022/src/kernelMatrixmult_all.cpp:1918:0)
INFO: [HLS 214-248] Applying array_partition to 'acc_part': Complete partitioning on dimension 1. Complete partitioning on dimension 2. Complete partitioning on dimension 3. (/home/josnu02/projects/workspace/gnn-rfsoc-mt-all-2022/src/kernelMatrixmult_all.cpp:1926:9)
INFO: [HLS 214-248] Applying array_partition to 'acc2': Complete partitioning on dimension 1. Complete partitioning on dimension 2. (/home/josnu02/projects/workspace/gnn-rfsoc-mt-all-2022/src/kernelMatrixmult_all.cpp:2553:8)
INFO: [HLS 214-248] Applying array_partition to 'rnnz_fifo_fea1': Complete partitioning on dimension 1. (/home/josnu02/projects/workspace/gnn-rfsoc-mt-all-2022/src/kernelMatrixmult_all.cpp:2876:19)
INFO: [HLS 214-248] Applying array_partition to 'acc_part': Complete partitioning on dimension 1. Complete partitioning on dimension 2. Complete partitioning on dimension 3. (/home/josnu02/projects/workspace/gnn-rfsoc-mt-all-2022/src/kernelMatrixmult_all.cpp:1746:8)
INFO: [HLS 214-248] Applying array_partition to 'acc2': Complete partitioning on dimension 1. Complete partitioning on dimension 2. (/home/josnu02/projects/workspace/gnn-rfsoc-mt-all-2022/src/kernelMatrixmult_all.cpp:2439:8)
INFO: [HLS 214-248] Applying array_partition to 'rnnz_fifo_adj1': Complete partitioning on dimension 1. (/home/josnu02/projects/workspace/gnn-rfsoc-mt-all-2022/src/kernelMatrixmult_all.cpp:3267:25)
INFO: [HLS 214-248] Applying array_partition to 'D_fifo1': Complete partitioning on dimension 1. Complete partitioning on dimension 2. (/home/josnu02/projects/workspace/gnn-rfsoc-mt-all-2022/src/kernelMatrixmult_all.cpp:3298:21)
INFO: [HLS 214-248] Applying array_partition to 'C_buffer11': Cyclic partitioning with factor 4 on dimension 1. (/home/josnu02/projects/workspace/gnn-rfsoc-mt-all-2022/src/kernelMatrixmult_all.cpp:3562:34)
INFO: [HLS 214-241] Aggregating fifo (hls::stream) variable 'rnnz_fifo_fea1_3' with compact=bit mode in 32-bits (/home/josnu02/projects/workspace/gnn-rfsoc-mt-all-2022/src/kernelMatrixmult_all.cpp:2876:19)
INFO: [HLS 214-241] Aggregating fifo (hls::stream) variable 'rnnz_fifo_fea1_2' with compact=bit mode in 32-bits (/home/josnu02/projects/workspace/gnn-rfsoc-mt-all-2022/src/kernelMatrixmult_all.cpp:2876:19)
INFO: [HLS 214-241] Aggregating fifo (hls::stream) variable 'rnnz_fifo_fea1_1' with compact=bit mode in 32-bits (/home/josnu02/projects/workspace/gnn-rfsoc-mt-all-2022/src/kernelMatrixmult_all.cpp:2876:19)
INFO: [HLS 214-241] Aggregating fifo (hls::stream) variable 'rnnz_fifo_fea1_0' with compact=bit mode in 32-bits (/home/josnu02/projects/workspace/gnn-rfsoc-mt-all-2022/src/kernelMatrixmult_all.cpp:2876:19)
INFO: [HLS 214-241] Aggregating fifo (hls::stream) variable 'rnnz_fifo_adj1_3' with compact=bit mode in 32-bits (/home/josnu02/projects/workspace/gnn-rfsoc-mt-all-2022/src/kernelMatrixmult_all.cpp:3267:25)
INFO: [HLS 214-241] Aggregating fifo (hls::stream) variable 'rnnz_fifo_adj1_2' with compact=bit mode in 32-bits (/home/josnu02/projects/workspace/gnn-rfsoc-mt-all-2022/src/kernelMatrixmult_all.cpp:3267:25)
INFO: [HLS 214-241] Aggregating fifo (hls::stream) variable 'rnnz_fifo_adj1_1' with compact=bit mode in 32-bits (/home/josnu02/projects/workspace/gnn-rfsoc-mt-all-2022/src/kernelMatrixmult_all.cpp:3267:25)
INFO: [HLS 214-241] Aggregating fifo (hls::stream) variable 'rnnz_fifo_adj1_0' with compact=bit mode in 32-bits (/home/josnu02/projects/workspace/gnn-rfsoc-mt-all-2022/src/kernelMatrixmult_all.cpp:3267:25)
INFO: [HLS 214-241] Aggregating fifo (hls::stream) variable 'D_fifo1_1_3' with compact=bit mode in 16-bits (/home/josnu02/projects/workspace/gnn-rfsoc-mt-all-2022/src/kernelMatrixmult_all.cpp:3298:21)
INFO: [HLS 214-241] Aggregating fifo (hls::stream) variable 'D_fifo1_1_2' with compact=bit mode in 16-bits (/home/josnu02/projects/workspace/gnn-rfsoc-mt-all-2022/src/kernelMatrixmult_all.cpp:3298:21)
INFO: [HLS 214-241] Aggregating fifo (hls::stream) variable 'D_fifo1_1_1' with compact=bit mode in 16-bits (/home/josnu02/projects/workspace/gnn-rfsoc-mt-all-2022/src/kernelMatrixmult_all.cpp:3298:21)
INFO: [HLS 214-241] Aggregating fifo (hls::stream) variable 'D_fifo1_1_0' with compact=bit mode in 16-bits (/home/josnu02/projects/workspace/gnn-rfsoc-mt-all-2022/src/kernelMatrixmult_all.cpp:3298:21)
INFO: [HLS 214-241] Aggregating fifo (hls::stream) variable 'D_fifo1_0_3' with compact=bit mode in 16-bits (/home/josnu02/projects/workspace/gnn-rfsoc-mt-all-2022/src/kernelMatrixmult_all.cpp:3298:21)
INFO: [HLS 214-241] Aggregating fifo (hls::stream) variable 'D_fifo1_0_2' with compact=bit mode in 16-bits (/home/josnu02/projects/workspace/gnn-rfsoc-mt-all-2022/src/kernelMatrixmult_all.cpp:3298:21)
INFO: [HLS 214-241] Aggregating fifo (hls::stream) variable 'D_fifo1_0_1' with compact=bit mode in 16-bits (/home/josnu02/projects/workspace/gnn-rfsoc-mt-all-2022/src/kernelMatrixmult_all.cpp:3298:21)
INFO: [HLS 214-241] Aggregating fifo (hls::stream) variable 'D_fifo1_0_0' with compact=bit mode in 16-bits (/home/josnu02/projects/workspace/gnn-rfsoc-mt-all-2022/src/kernelMatrixmult_all.cpp:3298:21)
INFO: [HLS 214-241] Aggregating maxi variable 'profiling' with compact=none mode in 64-bits (/home/josnu02/projects/workspace/gnn-rfsoc-mt-all-2022/src/kernelMatrixmult_all.cpp:3686:0)
INFO: [HLS 214-115] Multiple burst reads of variable length and bit width 16 in loop 'LOOP_J_SPMM1'(/home/josnu02/projects/workspace/gnn-rfsoc-mt-all-2022/src/kernelMatrixmult_all.cpp:930:18) has been inferred on bundle 'values_fea1'. These burst requests might be further partitioned into multiple requests during RTL generation, based on max_read_burst_length or max_write_burst_length settings. (/home/josnu02/projects/workspace/gnn-rfsoc-mt-all-2022/src/kernelMatrixmult_all.cpp:930:18)
INFO: [HLS 214-115] Multiple burst reads of variable length and bit width 32 in loop 'LOOP_J_SPMM1'(/home/josnu02/projects/workspace/gnn-rfsoc-mt-all-2022/src/kernelMatrixmult_all.cpp:930:18) has been inferred on bundle 'columnIndex_fea1'. These burst requests might be further partitioned into multiple requests during RTL generation, based on max_read_burst_length or max_write_burst_length settings. (/home/josnu02/projects/workspace/gnn-rfsoc-mt-all-2022/src/kernelMatrixmult_all.cpp:930:18)
INFO: [HLS 214-115] Multiple burst reads of variable length and bit width 16 in loop 'LOOP_J_SPMM2'(/home/josnu02/projects/workspace/gnn-rfsoc-mt-all-2022/src/kernelMatrixmult_all.cpp:951:19) has been inferred on bundle 'values_fea1'. These burst requests might be further partitioned into multiple requests during RTL generation, based on max_read_burst_length or max_write_burst_length settings. (/home/josnu02/projects/workspace/gnn-rfsoc-mt-all-2022/src/kernelMatrixmult_all.cpp:951:19)
INFO: [HLS 214-115] Multiple burst reads of variable length and bit width 16 in loop 'LOOP_BLOCKB'(/home/josnu02/projects/workspace/gnn-rfsoc-mt-all-2022/src/kernelMatrixmult_all.cpp:2957:29) has been inferred on bundle 'B'. These burst requests might be further partitioned into multiple requests during RTL generation, based on max_read_burst_length or max_write_burst_length settings. (/home/josnu02/projects/workspace/gnn-rfsoc-mt-all-2022/src/kernelMatrixmult_all.cpp:2957:29)
INFO: [HLS 214-115] Multiple burst reads of variable length and bit width 16 in loop 'LOOP_J_SPMM'(/home/josnu02/projects/workspace/gnn-rfsoc-mt-all-2022/src/kernelMatrixmult_all.cpp:873:16) has been inferred on bundle 'values_adj1'. These burst requests might be further partitioned into multiple requests during RTL generation, based on max_read_burst_length or max_write_burst_length settings. (/home/josnu02/projects/workspace/gnn-rfsoc-mt-all-2022/src/kernelMatrixmult_all.cpp:873:16)
INFO: [HLS 214-115] Multiple burst reads of variable length and bit width 32 in loop 'LOOP_J_SPMM'(/home/josnu02/projects/workspace/gnn-rfsoc-mt-all-2022/src/kernelMatrixmult_all.cpp:873:16) has been inferred on bundle 'columnIndex_adj1'. These burst requests might be further partitioned into multiple requests during RTL generation, based on max_read_burst_length or max_write_burst_length settings. (/home/josnu02/projects/workspace/gnn-rfsoc-mt-all-2022/src/kernelMatrixmult_all.cpp:873:16)
INFO: [HLS 214-115] Multiple burst writes of length 2 and bit width 16 in loop 'LOOP_WRITE2'(/home/josnu02/projects/workspace/gnn-rfsoc-mt-all-2022/src/kernelMatrixmult_all.cpp:755:21) has been inferred on bundle 'D1'. These burst requests might be further partitioned into multiple requests during RTL generation, based on max_read_burst_length or max_write_burst_length settings. (/home/josnu02/projects/workspace/gnn-rfsoc-mt-all-2022/src/kernelMatrixmult_all.cpp:755:21)
INFO: [HLS 214-115] Multiple burst writes of length 15 and bit width 64 has been inferred on bundle 'profiling'. These burst requests might be further partitioned into multiple requests during RTL generation, based on max_read_burst_length or max_write_burst_length settings.
INFO: [HLS 214-131] Inlining function '_llvm.fpga.pack.bits.i16.f16' into 'compute2_1(int, ap_int<8>, ap_int<8>, int, int, hls::stream<half, 0>&, hls::stream<int, 0>&, hls::stream<int, 0>*, half (*) [2], hls::stream<half, 0> (*) [4], int, int, int) (.124.127.1)' (/sw/xilinx/Vivado/2022.1/Vitis_HLS/2022.1/common/technology/autopilot/hls_stream_39.h:174:9)
INFO: [HLS 214-131] Inlining function '_llvm.fpga.unpack.bits.f16.i16' into 'writec(int, int, int, hls::stream<half, 0> (*) [4], half*, int, int, int) (.1)' (/sw/xilinx/Vivado/2022.1/Vitis_HLS/2022.1/common/technology/autopilot/hls_stream_39.h:145:9)
INFO: [HLS 200-111] Finished Compiling Optimization and Transform: CPU user time: 10.6 seconds. CPU system time: 1.28 seconds. Elapsed time: 13.13 seconds; current allocated memory: 476.484 MB.
INFO: [HLS 200-111] Finished Checking Pragmas: CPU user time: 0 seconds. CPU system time: 0 seconds. Elapsed time: 0 seconds; current allocated memory: 476.484 MB.
INFO: [HLS 200-10] Starting code transformations ...
INFO: [HLS 200-111] Finished Standard Transforms: CPU user time: 0.31 seconds. CPU system time: 0.02 seconds. Elapsed time: 0.47 seconds; current allocated memory: 489.402 MB.
INFO: [HLS 200-10] Checking synthesizability ...
INFO: [HLS 200-111] Finished Checking Synthesizability: CPU user time: 0.59 seconds. CPU system time: 0.02 seconds. Elapsed time: 0.63 seconds; current allocated memory: 502.180 MB.
INFO: [XFORM 203-510] Pipelining loop 'VITIS_LOOP_1769_3' (/home/josnu02/projects/workspace/gnn-rfsoc-mt-all-2022/src/kernelMatrixmult_all.cpp:1746) in function 'dsp_kernel_wrapper_adj_1' automatically.
INFO: [XFORM 203-510] Pipelining loop 'VITIS_LOOP_1769_3' (/home/josnu02/projects/workspace/gnn-rfsoc-mt-all-2022/src/kernelMatrixmult_all.cpp:1746) in function 'dsp_kernel_wrapper_adj_1' automatically.
INFO: [XFORM 203-510] Pipelining loop 'VITIS_LOOP_1769_3' (/home/josnu02/projects/workspace/gnn-rfsoc-mt-all-2022/src/kernelMatrixmult_all.cpp:1746) in function 'dsp_kernel_wrapper_adj_1' automatically.
INFO: [XFORM 203-510] Pipelining loop 'VITIS_LOOP_1769_3' (/home/josnu02/projects/workspace/gnn-rfsoc-mt-all-2022/src/kernelMatrixmult_all.cpp:1746) in function 'dsp_kernel_wrapper_adj_1' automatically.
INFO: [XFORM 203-510] Pipelining loop 'VITIS_LOOP_1769_3' (/home/josnu02/projects/workspace/gnn-rfsoc-mt-all-2022/src/kernelMatrixmult_all.cpp:1746) in function 'dsp_kernel_wrapper_adj_1' automatically.
INFO: [XFORM 203-510] Pipelining loop 'VITIS_LOOP_1769_3' (/home/josnu02/projects/workspace/gnn-rfsoc-mt-all-2022/src/kernelMatrixmult_all.cpp:1746) in function 'dsp_kernel_wrapper_adj_1' automatically.
INFO: [XFORM 203-510] Pipelining loop 'VITIS_LOOP_1769_3' (/home/josnu02/projects/workspace/gnn-rfsoc-mt-all-2022/src/kernelMatrixmult_all.cpp:1746) in function 'dsp_kernel_wrapper_adj_1' automatically.
INFO: [XFORM 203-510] Pipelining loop 'VITIS_LOOP_1769_3' (/home/josnu02/projects/workspace/gnn-rfsoc-mt-all-2022/src/kernelMatrixmult_all.cpp:1746) in function 'dsp_kernel_wrapper_adj_1' automatically.
INFO: [XFORM 203-510] Pipelining loop 'ACC_PART3' (/home/josnu02/projects/workspace/gnn-rfsoc-mt-all-2022/src/kernelMatrixmult_all.cpp:1746) in function 'dsp_kernel_wrapper_adj_1' automatically.
INFO: [XFORM 203-510] Pipelining loop 'ACC_PART3' (/home/josnu02/projects/workspace/gnn-rfsoc-mt-all-2022/src/kernelMatrixmult_all.cpp:1746) in function 'dsp_kernel_wrapper_adj_1' automatically.
INFO: [XFORM 203-510] Pipelining loop 'ACC_PART3' (/home/josnu02/projects/workspace/gnn-rfsoc-mt-all-2022/src/kernelMatrixmult_all.cpp:1746) in function 'dsp_kernel_wrapper_adj_1' automatically.
INFO: [XFORM 203-510] Pipelining loop 'ACC_PART3' (/home/josnu02/projects/workspace/gnn-rfsoc-mt-all-2022/src/kernelMatrixmult_all.cpp:1746) in function 'dsp_kernel_wrapper_adj_1' automatically.
INFO: [XFORM 203-510] Pipelining loop 'ACC_PART3' (/home/josnu02/projects/workspace/gnn-rfsoc-mt-all-2022/src/kernelMatrixmult_all.cpp:1746) in function 'dsp_kernel_wrapper_adj_1' automatically.
INFO: [XFORM 203-510] Pipelining loop 'ACC_PART3' (/home/josnu02/projects/workspace/gnn-rfsoc-mt-all-2022/src/kernelMatrixmult_all.cpp:1746) in function 'dsp_kernel_wrapper_adj_1' automatically.
INFO: [XFORM 203-510] Pipelining loop 'ACC_PART3' (/home/josnu02/projects/workspace/gnn-rfsoc-mt-all-2022/src/kernelMatrixmult_all.cpp:1746) in function 'dsp_kernel_wrapper_adj_1' automatically.
INFO: [XFORM 203-510] Pipelining loop 'ACC_PART3' (/home/josnu02/projects/workspace/gnn-rfsoc-mt-all-2022/src/kernelMatrixmult_all.cpp:1746) in function 'dsp_kernel_wrapper_adj_1' automatically.
INFO: [XFORM 203-102] Partitioning array 'rnnz' (/home/josnu02/projects/workspace/gnn-rfsoc-mt-all-2022/src/kernelMatrixmult_all.cpp:2592) automatically.
INFO: [XFORM 203-102] Partitioning array 'rnnz' (/home/josnu02/projects/workspace/gnn-rfsoc-mt-all-2022/src/kernelMatrixmult_all.cpp:2478) automatically.
INFO: [XFORM 203-721] Extract dataflow region from loop LOOP_ADJ (/sw/xilinx/Vivado/2022.1/Vitis_HLS/2022.1/common/technology/autopilot/hls_streamofblocks.h:82)  of function 'loop_adj'.
WARNING: [XFORM 203-713] Disabling dataflow-in-loop for loop LOOP_ADJ at /sw/xilinx/Vivado/2022.1/Vitis_HLS/2022.1/common/technology/autopilot/hls_streamofblocks.h:82 in function 'loop_adj': unexpected instruction at /sw/xilinx/Vivado/2022.1/Vitis_HLS/2022.1/common/technology/autopilot/hls_streamofblocks.h:102:5  '' (/sw/xilinx/Vivado/2022.1/Vitis_HLS/2022.1/common/technology/autopilot/hls_streamofblocks.h:102:5). The generated RTL may not be functionally correct. Please convert it into a for loop with a fixed iteration count.
WARNING: [XFORM 203-713] Disabling dataflow-in-loop for loop LOOP_ADJ at /sw/xilinx/Vivado/2022.1/Vitis_HLS/2022.1/common/technology/autopilot/hls_streamofblocks.h:82 in function 'loop_adj': unexpected instruction at /sw/xilinx/Vivado/2022.1/Vitis_HLS/2022.1/common/technology/autopilot/hls_streamofblocks.h:102:5  '' (/sw/xilinx/Vivado/2022.1/Vitis_HLS/2022.1/common/technology/autopilot/hls_streamofblocks.h:102:5). The generated RTL may not be functionally correct. Please convert it into a for loop with a fixed iteration count.
WARNING: [XFORM 203-713] Disabling dataflow-in-loop for loop LOOP_ADJ at /sw/xilinx/Vivado/2022.1/Vitis_HLS/2022.1/common/technology/autopilot/hls_streamofblocks.h:82 in function 'loop_adj': unexpected instruction at /sw/xilinx/Vivado/2022.1/Vitis_HLS/2022.1/common/technology/autopilot/hls_streamofblocks.h:102:5  '' (/sw/xilinx/Vivado/2022.1/Vitis_HLS/2022.1/common/technology/autopilot/hls_streamofblocks.h:102:5). The generated RTL may not be functionally correct. Please convert it into a for loop with a fixed iteration count.
WARNING: [XFORM 203-713] Disabling dataflow-in-loop for loop LOOP_ADJ at /sw/xilinx/Vivado/2022.1/Vitis_HLS/2022.1/common/technology/autopilot/hls_streamofblocks.h:82 in function 'loop_adj': unexpected instruction at /sw/xilinx/Vivado/2022.1/Vitis_HLS/2022.1/common/technology/autopilot/hls_streamofblocks.h:102:5  '' (/sw/xilinx/Vivado/2022.1/Vitis_HLS/2022.1/common/technology/autopilot/hls_streamofblocks.h:102:5). The generated RTL may not be functionally correct. Please convert it into a for loop with a fixed iteration count.
WARNING: [XFORM 203-713] Disabling dataflow-in-loop for loop LOOP_ADJ at /sw/xilinx/Vivado/2022.1/Vitis_HLS/2022.1/common/technology/autopilot/hls_streamofblocks.h:82 in function 'loop_adj': unexpected instruction at /sw/xilinx/Vivado/2022.1/Vitis_HLS/2022.1/common/technology/autopilot/hls_streamofblocks.h:82:5  '' (/sw/xilinx/Vivado/2022.1/Vitis_HLS/2022.1/common/technology/autopilot/hls_streamofblocks.h:82:5). The generated RTL may not be functionally correct. Please convert it into a for loop with a fixed iteration count.
WARNING: [XFORM 203-713] Disabling dataflow-in-loop for loop LOOP_ADJ at /sw/xilinx/Vivado/2022.1/Vitis_HLS/2022.1/common/technology/autopilot/hls_streamofblocks.h:82 in function 'loop_adj': unexpected instruction at /sw/xilinx/Vivado/2022.1/Vitis_HLS/2022.1/common/technology/autopilot/hls_streamofblocks.h:82:5  '' (/sw/xilinx/Vivado/2022.1/Vitis_HLS/2022.1/common/technology/autopilot/hls_streamofblocks.h:82:5). The generated RTL may not be functionally correct. Please convert it into a for loop with a fixed iteration count.
WARNING: [XFORM 203-713] Disabling dataflow-in-loop for loop LOOP_ADJ at /sw/xilinx/Vivado/2022.1/Vitis_HLS/2022.1/common/technology/autopilot/hls_streamofblocks.h:82 in function 'loop_adj': unexpected instruction at /sw/xilinx/Vivado/2022.1/Vitis_HLS/2022.1/common/technology/autopilot/hls_streamofblocks.h:82:5  '' (/sw/xilinx/Vivado/2022.1/Vitis_HLS/2022.1/common/technology/autopilot/hls_streamofblocks.h:82:5). The generated RTL may not be functionally correct. Please convert it into a for loop with a fixed iteration count.
WARNING: [XFORM 203-713] Disabling dataflow-in-loop for loop LOOP_ADJ at /sw/xilinx/Vivado/2022.1/Vitis_HLS/2022.1/common/technology/autopilot/hls_streamofblocks.h:82 in function 'loop_adj': unexpected instruction at /sw/xilinx/Vivado/2022.1/Vitis_HLS/2022.1/common/technology/autopilot/hls_streamofblocks.h:82:5  '' (/sw/xilinx/Vivado/2022.1/Vitis_HLS/2022.1/common/technology/autopilot/hls_streamofblocks.h:82:5). The generated RTL may not be functionally correct. Please convert it into a for loop with a fixed iteration count.
WARNING: [XFORM 203-713] Disabling dataflow-in-loop for loop LOOP_ADJ at /sw/xilinx/Vivado/2022.1/Vitis_HLS/2022.1/common/technology/autopilot/hls_streamofblocks.h:82 in function 'loop_adj': unexpected instruction at /sw/xilinx/Vivado/2022.1/Vitis_HLS/2022.1/common/technology/autopilot/hls_streamofblocks.h:102:5  '' (/sw/xilinx/Vivado/2022.1/Vitis_HLS/2022.1/common/technology/autopilot/hls_streamofblocks.h:102:5). The generated RTL may not be functionally correct. Please convert it into a for loop with a fixed iteration count.
WARNING: [XFORM 203-713] Disabling dataflow-in-loop for loop LOOP_ADJ at /sw/xilinx/Vivado/2022.1/Vitis_HLS/2022.1/common/technology/autopilot/hls_streamofblocks.h:82 in function 'loop_adj': unexpected instruction at /sw/xilinx/Vivado/2022.1/Vitis_HLS/2022.1/common/technology/autopilot/hls_streamofblocks.h:102:5  '' (/sw/xilinx/Vivado/2022.1/Vitis_HLS/2022.1/common/technology/autopilot/hls_streamofblocks.h:102:5). The generated RTL may not be functionally correct. Please convert it into a for loop with a fixed iteration count.
WARNING: [XFORM 203-713] Disabling dataflow-in-loop for loop LOOP_ADJ at /sw/xilinx/Vivado/2022.1/Vitis_HLS/2022.1/common/technology/autopilot/hls_streamofblocks.h:82 in function 'loop_adj': unexpected instruction at /sw/xilinx/Vivado/2022.1/Vitis_HLS/2022.1/common/technology/autopilot/hls_streamofblocks.h:102:5  '' (/sw/xilinx/Vivado/2022.1/Vitis_HLS/2022.1/common/technology/autopilot/hls_streamofblocks.h:102:5). The generated RTL may not be functionally correct. Please convert it into a for loop with a fixed iteration count.
WARNING: [XFORM 203-713] Disabling dataflow-in-loop for loop LOOP_ADJ at /sw/xilinx/Vivado/2022.1/Vitis_HLS/2022.1/common/technology/autopilot/hls_streamofblocks.h:82 in function 'loop_adj': unexpected instruction at /sw/xilinx/Vivado/2022.1/Vitis_HLS/2022.1/common/technology/autopilot/hls_streamofblocks.h:102:5  '' (/sw/xilinx/Vivado/2022.1/Vitis_HLS/2022.1/common/technology/autopilot/hls_streamofblocks.h:102:5). The generated RTL may not be functionally correct. Please convert it into a for loop with a fixed iteration count.
WARNING: [XFORM 203-713] Disabling dataflow-in-loop for loop LOOP_ADJ at /sw/xilinx/Vivado/2022.1/Vitis_HLS/2022.1/common/technology/autopilot/hls_streamofblocks.h:82 in function 'loop_adj': unexpected instruction at /sw/xilinx/Vivado/2022.1/Vitis_HLS/2022.1/common/technology/autopilot/hls_streamofblocks.h:82:5  '' (/sw/xilinx/Vivado/2022.1/Vitis_HLS/2022.1/common/technology/autopilot/hls_streamofblocks.h:82:5). The generated RTL may not be functionally correct. Please convert it into a for loop with a fixed iteration count.
WARNING: [XFORM 203-713] Disabling dataflow-in-loop for loop LOOP_ADJ at /sw/xilinx/Vivado/2022.1/Vitis_HLS/2022.1/common/technology/autopilot/hls_streamofblocks.h:82 in function 'loop_adj': unexpected instruction at /sw/xilinx/Vivado/2022.1/Vitis_HLS/2022.1/common/technology/autopilot/hls_streamofblocks.h:82:5  '' (/sw/xilinx/Vivado/2022.1/Vitis_HLS/2022.1/common/technology/autopilot/hls_streamofblocks.h:82:5). The generated RTL may not be functionally correct. Please convert it into a for loop with a fixed iteration count.
WARNING: [XFORM 203-713] Disabling dataflow-in-loop for loop LOOP_ADJ at /sw/xilinx/Vivado/2022.1/Vitis_HLS/2022.1/common/technology/autopilot/hls_streamofblocks.h:82 in function 'loop_adj': unexpected instruction at /sw/xilinx/Vivado/2022.1/Vitis_HLS/2022.1/common/technology/autopilot/hls_streamofblocks.h:82:5  '' (/sw/xilinx/Vivado/2022.1/Vitis_HLS/2022.1/common/technology/autopilot/hls_streamofblocks.h:82:5). The generated RTL may not be functionally correct. Please convert it into a for loop with a fixed iteration count.
WARNING: [XFORM 203-713] Disabling dataflow-in-loop for loop LOOP_ADJ at /sw/xilinx/Vivado/2022.1/Vitis_HLS/2022.1/common/technology/autopilot/hls_streamofblocks.h:82 in function 'loop_adj': unexpected instruction at /sw/xilinx/Vivado/2022.1/Vitis_HLS/2022.1/common/technology/autopilot/hls_streamofblocks.h:82:5  '' (/sw/xilinx/Vivado/2022.1/Vitis_HLS/2022.1/common/technology/autopilot/hls_streamofblocks.h:82:5). The generated RTL may not be functionally correct. Please convert it into a for loop with a fixed iteration count.
INFO: [XFORM 203-721] Changing loop 'VITIS_LOOP_2956_1' (/home/josnu02/projects/workspace/gnn-rfsoc-mt-all-2022/src/kernelMatrixmult_all.cpp:2957)  to a process function for dataflow in function 'loop_fea'.
INFO: [XFORM 203-721] Extract dataflow region from loop LOOP_FEA (/home/josnu02/projects/workspace/gnn-rfsoc-mt-all-2022/src/kernelMatrixmult_all.cpp:2917)  of function 'loop_fea'.
WARNING: [XFORM 203-713] Disabling dataflow-in-loop for loop LOOP_FEA at /home/josnu02/projects/workspace/gnn-rfsoc-mt-all-2022/src/kernelMatrixmult_all.cpp:2917 in function 'loop_fea': unexpected instruction at /sw/xilinx/Vivado/2022.1/Vitis_HLS/2022.1/common/technology/autopilot/hls_streamofblocks.h:131:5  '' (/sw/xilinx/Vivado/2022.1/Vitis_HLS/2022.1/common/technology/autopilot/hls_streamofblocks.h:131:5). The generated RTL may not be functionally correct. Please convert it into a for loop with a fixed iteration count.
WARNING: [XFORM 203-713] Disabling dataflow-in-loop for loop LOOP_FEA at /home/josnu02/projects/workspace/gnn-rfsoc-mt-all-2022/src/kernelMatrixmult_all.cpp:2917 in function 'loop_fea': unexpected instruction at /sw/xilinx/Vivado/2022.1/Vitis_HLS/2022.1/common/technology/autopilot/hls_streamofblocks.h:131:5  '' (/sw/xilinx/Vivado/2022.1/Vitis_HLS/2022.1/common/technology/autopilot/hls_streamofblocks.h:131:5). The generated RTL may not be functionally correct. Please convert it into a for loop with a fixed iteration count.
WARNING: [XFORM 203-713] Disabling dataflow-in-loop for loop LOOP_FEA at /home/josnu02/projects/workspace/gnn-rfsoc-mt-all-2022/src/kernelMatrixmult_all.cpp:2917 in function 'loop_fea': unexpected instruction at /sw/xilinx/Vivado/2022.1/Vitis_HLS/2022.1/common/technology/autopilot/hls_streamofblocks.h:131:5  '' (/sw/xilinx/Vivado/2022.1/Vitis_HLS/2022.1/common/technology/autopilot/hls_streamofblocks.h:131:5). The generated RTL may not be functionally correct. Please convert it into a for loop with a fixed iteration count.
WARNING: [XFORM 203-713] Disabling dataflow-in-loop for loop LOOP_FEA at /home/josnu02/projects/workspace/gnn-rfsoc-mt-all-2022/src/kernelMatrixmult_all.cpp:2917 in function 'loop_fea': unexpected instruction at /sw/xilinx/Vivado/2022.1/Vitis_HLS/2022.1/common/technology/autopilot/hls_streamofblocks.h:131:5  '' (/sw/xilinx/Vivado/2022.1/Vitis_HLS/2022.1/common/technology/autopilot/hls_streamofblocks.h:131:5). The generated RTL may not be functionally correct. Please convert it into a for loop with a fixed iteration count.
WARNING: [XFORM 203-713] Disabling dataflow-in-loop for loop LOOP_FEA at /home/josnu02/projects/workspace/gnn-rfsoc-mt-all-2022/src/kernelMatrixmult_all.cpp:2917 in function 'loop_fea': unexpected instruction at /sw/xilinx/Vivado/2022.1/Vitis_HLS/2022.1/common/technology/autopilot/hls_streamofblocks.h:115:5  '' (/sw/xilinx/Vivado/2022.1/Vitis_HLS/2022.1/common/technology/autopilot/hls_streamofblocks.h:115:5). The generated RTL may not be functionally correct. Please convert it into a for loop with a fixed iteration count.
WARNING: [XFORM 203-713] Disabling dataflow-in-loop for loop LOOP_FEA at /home/josnu02/projects/workspace/gnn-rfsoc-mt-all-2022/src/kernelMatrixmult_all.cpp:2917 in function 'loop_fea': unexpected instruction at /sw/xilinx/Vivado/2022.1/Vitis_HLS/2022.1/common/technology/autopilot/hls_streamofblocks.h:115:5  '' (/sw/xilinx/Vivado/2022.1/Vitis_HLS/2022.1/common/technology/autopilot/hls_streamofblocks.h:115:5). The generated RTL may not be functionally correct. Please convert it into a for loop with a fixed iteration count.
WARNING: [XFORM 203-713] Disabling dataflow-in-loop for loop LOOP_FEA at /home/josnu02/projects/workspace/gnn-rfsoc-mt-all-2022/src/kernelMatrixmult_all.cpp:2917 in function 'loop_fea': unexpected instruction at /sw/xilinx/Vivado/2022.1/Vitis_HLS/2022.1/common/technology/autopilot/hls_streamofblocks.h:115:5  '' (/sw/xilinx/Vivado/2022.1/Vitis_HLS/2022.1/common/technology/autopilot/hls_streamofblocks.h:115:5). The generated RTL may not be functionally correct. Please convert it into a for loop with a fixed iteration count.
WARNING: [XFORM 203-713] Disabling dataflow-in-loop for loop LOOP_FEA at /home/josnu02/projects/workspace/gnn-rfsoc-mt-all-2022/src/kernelMatrixmult_all.cpp:2917 in function 'loop_fea': unexpected instruction at /sw/xilinx/Vivado/2022.1/Vitis_HLS/2022.1/common/technology/autopilot/hls_streamofblocks.h:115:5  '' (/sw/xilinx/Vivado/2022.1/Vitis_HLS/2022.1/common/technology/autopilot/hls_streamofblocks.h:115:5). The generated RTL may not be functionally correct. Please convert it into a for loop with a fixed iteration count.
WARNING: [XFORM 203-713] Disabling dataflow-in-loop for loop LOOP_FEA at /home/josnu02/projects/workspace/gnn-rfsoc-mt-all-2022/src/kernelMatrixmult_all.cpp:2917 in function 'loop_fea': unexpected instruction at /sw/xilinx/Vivado/2022.1/Vitis_HLS/2022.1/common/technology/autopilot/hls_streamofblocks.h:131:5  '' (/sw/xilinx/Vivado/2022.1/Vitis_HLS/2022.1/common/technology/autopilot/hls_streamofblocks.h:131:5). The generated RTL may not be functionally correct. Please convert it into a for loop with a fixed iteration count.
WARNING: [XFORM 203-713] Disabling dataflow-in-loop for loop LOOP_FEA at /home/josnu02/projects/workspace/gnn-rfsoc-mt-all-2022/src/kernelMatrixmult_all.cpp:2917 in function 'loop_fea': unexpected instruction at /sw/xilinx/Vivado/2022.1/Vitis_HLS/2022.1/common/technology/autopilot/hls_streamofblocks.h:131:5  '' (/sw/xilinx/Vivado/2022.1/Vitis_HLS/2022.1/common/technology/autopilot/hls_streamofblocks.h:131:5). The generated RTL may not be functionally correct. Please convert it into a for loop with a fixed iteration count.
WARNING: [XFORM 203-713] Disabling dataflow-in-loop for loop LOOP_FEA at /home/josnu02/projects/workspace/gnn-rfsoc-mt-all-2022/src/kernelMatrixmult_all.cpp:2917 in function 'loop_fea': unexpected instruction at /sw/xilinx/Vivado/2022.1/Vitis_HLS/2022.1/common/technology/autopilot/hls_streamofblocks.h:131:5  '' (/sw/xilinx/Vivado/2022.1/Vitis_HLS/2022.1/common/technology/autopilot/hls_streamofblocks.h:131:5). The generated RTL may not be functionally correct. Please convert it into a for loop with a fixed iteration count.
WARNING: [XFORM 203-713] Disabling dataflow-in-loop for loop LOOP_FEA at /home/josnu02/projects/workspace/gnn-rfsoc-mt-all-2022/src/kernelMatrixmult_all.cpp:2917 in function 'loop_fea': unexpected instruction at /sw/xilinx/Vivado/2022.1/Vitis_HLS/2022.1/common/technology/autopilot/hls_streamofblocks.h:131:5  '' (/sw/xilinx/Vivado/2022.1/Vitis_HLS/2022.1/common/technology/autopilot/hls_streamofblocks.h:131:5). The generated RTL may not be functionally correct. Please convert it into a for loop with a fixed iteration count.
WARNING: [XFORM 203-713] Disabling dataflow-in-loop for loop LOOP_FEA at /home/josnu02/projects/workspace/gnn-rfsoc-mt-all-2022/src/kernelMatrixmult_all.cpp:2917 in function 'loop_fea': unexpected instruction at /sw/xilinx/Vivado/2022.1/Vitis_HLS/2022.1/common/technology/autopilot/hls_streamofblocks.h:115:5  '' (/sw/xilinx/Vivado/2022.1/Vitis_HLS/2022.1/common/technology/autopilot/hls_streamofblocks.h:115:5). The generated RTL may not be functionally correct. Please convert it into a for loop with a fixed iteration count.
WARNING: [XFORM 203-713] Disabling dataflow-in-loop for loop LOOP_FEA at /home/josnu02/projects/workspace/gnn-rfsoc-mt-all-2022/src/kernelMatrixmult_all.cpp:2917 in function 'loop_fea': unexpected instruction at /sw/xilinx/Vivado/2022.1/Vitis_HLS/2022.1/common/technology/autopilot/hls_streamofblocks.h:115:5  '' (/sw/xilinx/Vivado/2022.1/Vitis_HLS/2022.1/common/technology/autopilot/hls_streamofblocks.h:115:5). The generated RTL may not be functionally correct. Please convert it into a for loop with a fixed iteration count.
WARNING: [XFORM 203-713] Disabling dataflow-in-loop for loop LOOP_FEA at /home/josnu02/projects/workspace/gnn-rfsoc-mt-all-2022/src/kernelMatrixmult_all.cpp:2917 in function 'loop_fea': unexpected instruction at /sw/xilinx/Vivado/2022.1/Vitis_HLS/2022.1/common/technology/autopilot/hls_streamofblocks.h:115:5  '' (/sw/xilinx/Vivado/2022.1/Vitis_HLS/2022.1/common/technology/autopilot/hls_streamofblocks.h:115:5). The generated RTL may not be functionally correct. Please convert it into a for loop with a fixed iteration count.
WARNING: [XFORM 203-713] Disabling dataflow-in-loop for loop LOOP_FEA at /home/josnu02/projects/workspace/gnn-rfsoc-mt-all-2022/src/kernelMatrixmult_all.cpp:2917 in function 'loop_fea': unexpected instruction at /sw/xilinx/Vivado/2022.1/Vitis_HLS/2022.1/common/technology/autopilot/hls_streamofblocks.h:115:5  '' (/sw/xilinx/Vivado/2022.1/Vitis_HLS/2022.1/common/technology/autopilot/hls_streamofblocks.h:115:5). The generated RTL may not be functionally correct. Please convert it into a for loop with a fixed iteration count.
INFO: [XFORM 203-712] Applying dataflow to function 'dataflow_in_loop_LOOP_FEA' (/home/josnu02/projects/workspace/gnn-rfsoc-mt-all-2022/src/kernelMatrixmult_all.cpp:2867:8), detected/extracted 3 process function(s): 
	 'VITIS_LOOP_2956_1_proc'
	 'reada1'
	 'compute1_1'.
INFO: [XFORM 203-712] Applying dataflow to function 'dataflow_in_loop_LOOP_ADJ' (/home/josnu02/projects/workspace/gnn-rfsoc-mt-all-2022/src/kernelMatrixmult_all.cpp:3268:15), detected/extracted 4 process function(s): 
	 'entry_proc'
	 'reada2'
	 'compute2_1'
	 'writec'.
INFO: [XFORM 203-712] Applying dataflow to function 'mmult_wrapper' (/home/josnu02/projects/workspace/gnn-rfsoc-mt-all-2022/src/kernelMatrixmult_all.cpp:57:1), detected/extracted 2 process function(s): 
	 'loop_fea'
	 'loop_adj'.
INFO: [XFORM 203-401] Performing if-conversion on hyperblock from (/home/josnu02/projects/workspace/gnn-rfsoc-mt-all-2022/src/kernelMatrixmult_all.cpp:1971:12) to (/home/josnu02/projects/workspace/gnn-rfsoc-mt-all-2022/src/kernelMatrixmult_all.cpp:1973:10) in function 'dsp_kernel_wrapper_fea'... converting 17 basic blocks.
INFO: [XFORM 203-401] Performing if-conversion on hyperblock from (/home/josnu02/projects/workspace/gnn-rfsoc-mt-all-2022/src/kernelMatrixmult_all.cpp:1971:12) to (/home/josnu02/projects/workspace/gnn-rfsoc-mt-all-2022/src/kernelMatrixmult_all.cpp:1973:10) in function 'dsp_kernel_wrapper_fea'... converting 17 basic blocks.
INFO: [XFORM 203-401] Performing if-conversion on hyperblock from (/home/josnu02/projects/workspace/gnn-rfsoc-mt-all-2022/src/kernelMatrixmult_all.cpp:1971:12) to (/home/josnu02/projects/workspace/gnn-rfsoc-mt-all-2022/src/kernelMatrixmult_all.cpp:1966:22) in function 'dsp_kernel_wrapper_fea'... converting 17 basic blocks.
INFO: [HLS 200-111] Finished Loop, function and other optimizations: CPU user time: 2.12 seconds. CPU system time: 0.07 seconds. Elapsed time: 2.38 seconds; current allocated memory: 540.812 MB.
WARNING: [HLS 200-960] Cannot flatten loop 'LOOP_WRITE3' (/home/josnu02/projects/workspace/gnn-rfsoc-mt-all-2022/src/kernelMatrixmult_all.cpp:751:28) in function 'writec' the outer loop is not a perfect loop because there is nontrivial logic before entering the inner loop.
INFO: [XFORM 203-541] Flattening a loop nest 'LOOP_WRITE1' (/home/josnu02/projects/workspace/gnn-rfsoc-mt-all-2022/src/kernelMatrixmult_all.cpp:749:27) in function 'writec'.
