INFO: [SIM 2] *************** CSIM start ***************
INFO: [SIM 4] CSIM will launch GCC as the compiler.
   Compiling ../../../../../../../src/main_float.cpp in debug mode
   Compiling ../../../../../../../src/kernelMatrixmult_all.cpp in debug mode
   Generating csim.exe
Matrix dimensions N_adj/M_adj 3327 M_fea 3703 P_w 32
Loading sparse arrays
reading ../../../../../../../data/matrices/citeseer_feat.txt file
Number of non-zeros adj values in CSR file: 105165
adj matrix size: 12319881
Total percentage of zero values in adj: 0.991464
reading ../../../../../../../data/matrices/citeseer_adj.txt file
Number of non-zeros adj values in CSR file: 12431
adj matrix size: 11068929
Total percentage of zero values in adj: 0.998877
the file is ../../../../../../../data/matrices/citeseer_weights.txt
Total 16 bit values in weight matrix 118496
Total values set to zero in weight matrix 0
Running GNN accelerator
 sw starting CPU  Total execution time = 6069.83 msec
out :data index= 0 0 kernel = 0.00196838
out :data index= 0 1 kernel = 0.477783
out :data index= 0 2 kernel = 0.59668
out :data index= 0 3 kernel = 0.0311279
out :data index= 0 4 kernel = 0.0022583
out :data index= 0 5 kernel = 0.564453
out :data index= 0 6 kernel = 0.53125
out :data index= 0 7 kernel = 0.0110474
out :data index= 0 8 kernel = 0.114624
out :data index= 0 9 kernel = 0.71582
out :data index= 0 10 kernel = 0.0994873
out :data index= 0 11 kernel = 0.142456
out :data index= 0 12 kernel = 0.652832
out :data index= 0 13 kernel = 0.167603
out :data index= 0 14 kernel = 0.00131226
out :data index= 0 15 kernel = 0.0733643
out :data index= 0 16 kernel = 0.121643
out :data index= 0 17 kernel = 0.155273
out :data index= 0 18 kernel = 0.605469
out :data index= 0 19 kernel = 0.492188
out :data index= 0 20 kernel = 0.494873
out :data index= 31 0 kernel = 0.236816
out :data index= 31 1 kernel = -0.032959
out :data index= 31 2 kernel = 0.206055
out :data index= 31 3 kernel = 0.466553
out :data index= 31 4 kernel = 0.484375
out :data index= 31 5 kernel = -0.0140381
out :data index= 31 6 kernel = 0.303711
out :data index= 31 7 kernel = 0.352539
out :data index= 31 8 kernel = 0.503418
out :data index= 31 9 kernel = 0.36499
out :data index= 31 10 kernel = 0.118103
out :data index= 31 11 kernel = 0.081665
out :data index= 31 12 kernel = 0.505859
out :data index= 31 13 kernel = 0.666504
out :data index= 31 14 kernel = 0.271973
out :data index= 31 15 kernel = 0.504395
out :data index= 31 16 kernel = 0.182129
out :data index= 31 17 kernel = 0.430908
out :data index= 31 18 kernel = -0.0348511
out :data index= 31 19 kernel = 0.00332642
out :data index= 31 20 kernel = 0.309814
TEST PASSED
MAX ADJ 0
MIN ADJ 0
MAX FEA 0
MIN FEA 0
INFO: [SIM 1] CSim done with 0 errors.
INFO: [SIM 3] *************** CSIM finish ***************
